<?xml version="1.0" encoding="UTF-8"?>
<testng-results ignored="0" total="1" passed="1" failed="0" skipped="0">
  <reporter-output>
  </reporter-output>
  <suite started-at="2024-11-21T14:42:28 IST" name="Default suite" finished-at="2024-11-21T14:42:28 IST" duration-ms="95">
    <groups>
    </groups>
    <test started-at="2024-11-21T14:42:28 IST" name="Default test" finished-at="2024-11-21T14:42:28 IST" duration-ms="95">
      <class name="testscript.BmAmBcAc">
        <test-method is-config="true" signature="beforeClass()[pri:0, instance:testscript.BmAmBcAc@35e2d654]" started-at="2024-11-21T14:42:28 IST" name="beforeClass" finished-at="2024-11-21T14:42:28 IST" duration-ms="10" status="PASS">
          <reporter-output>
          </reporter-output>
        </test-method> <!-- beforeClass -->
        <test-method is-config="true" signature="beforeMethod()[pri:0, instance:testscript.BmAmBcAc@35e2d654]" started-at="2024-11-21T14:42:28 IST" name="beforeMethod" finished-at="2024-11-21T14:42:28 IST" duration-ms="0" status="PASS">
          <reporter-output>
          </reporter-output>
        </test-method> <!-- beforeMethod -->
        <test-method signature="justPrinting()[pri:0, instance:testscript.BmAmBcAc@35e2d654]" started-at="2024-11-21T14:42:28 IST" name="justPrinting" finished-at="2024-11-21T14:42:28 IST" duration-ms="16" status="PASS">
          <reporter-output>
          </reporter-output>
        </test-method> <!-- justPrinting -->
        <test-method is-config="true" signature="afterMethod()[pri:0, instance:testscript.BmAmBcAc@35e2d654]" started-at="2024-11-21T14:42:28 IST" name="afterMethod" finished-at="2024-11-21T14:42:28 IST" duration-ms="2" status="PASS">
          <reporter-output>
          </reporter-output>
        </test-method> <!-- afterMethod -->
        <test-method is-config="true" signature="afterClass()[pri:0, instance:testscript.BmAmBcAc@35e2d654]" started-at="2024-11-21T14:42:28 IST" name="afterClass" finished-at="2024-11-21T14:42:28 IST" duration-ms="1" status="PASS">
          <reporter-output>
          </reporter-output>
        </test-method> <!-- afterClass -->
      </class> <!-- testscript.BmAmBcAc -->
    </test> <!-- Default test -->
  </suite> <!-- Default suite -->
</testng-results>
